<?xml version='1.0' encoding='UTF-8'?>
<testsuite hostname="DESKTOP-7PRCI9V" name="AnalyzerTest" tests="6" errors="0" failures="0" skipped="0" time="0.026" timestamp="2026-04-26T21:20:49">
          <properties>
[...]
</properties>
          <testcase classname="AnalyzerTest" name="parseLine should parse valid log line correctly" time="0.019">
                      
                    </testcase><testcase classname="AnalyzerTest" name="parseLine should return None when status is not a number" time="0.0">
                      
                    </testcase><testcase classname="AnalyzerTest" name="topIpAddresses should return top N IPs by request count" time="0.005">
                      
                    </testcase><testcase classname="AnalyzerTest" name="averageResponseSize should calculate correct average" time="0.001">
                      
                    </testcase><testcase classname="AnalyzerTest" name="averageResponseSize should return 0.0 for empty list" time="0.0">
                      
                    </testcase><testcase classname="AnalyzerTest" name="errorCount should count only 4xx and 5xx statuses" time="0.001">
                      
                    </testcase>
          <system-out><![CDATA[]]></system-out>
          <system-err><![CDATA[]]></system-err>
        </testsuite>